<?xml version="1.0" encoding="UTF-8"?>
<!-- Generated by org.testng.reporters.JUnitReportReporter -->
<testsuite hostname="DESKTOP-53UM0HU" failures="0" tests="1" name="streamtest" time="0.017" errors="0" timestamp="2023-01-03T11:55:31 IST" skipped="0">
  <testcase classname="streamtest" name="sortList" time="0.017"/>
  <system-out/>
</testsuite> <!-- streamtest -->
